<?xml version="1.0" encoding="UTF-8"?>
<!-- Generated by org.testng.reporters.JUnitXMLReporter -->
<testsuite ignored="2" hostname="DESKTOP-N8L1EIS" failures="0" tests="0" time="0.003" errors="0" timestamp="2024-11-07T16:07:52 IST">
  <testcase classname="seleniumproject.test.ErrorValidationsTest" name="ProductErrorValidation" time="0.0">
    <ignored/>
  </testcase> <!-- ProductErrorValidation -->
  <testcase classname="seleniumproject.test.ErrorValidationsTest" name="ErrorMsg" time="0.0">
    <ignored/>
  </testcase> <!-- ErrorMsg -->
</testsuite>
