<?xml version="1.0" encoding="UTF-8"?>
<!-- Generated by org.testng.reporters.JUnitXMLReporter -->
<testsuite ignored="1" hostname="DESKTOP-N8L1EIS" failures="0" tests="2" name="Stand Alone Test" time="18.486" errors="0" timestamp="2024-11-07T16:07:52 IST">
  <testcase classname="seleniumproject.test.StandAloneTest" name="SubmitOrder" time="4.167"/>
  <testcase classname="seleniumproject.test.StandAloneTest" name="SubmitOrder" time="4.995"/>
  <testcase classname="seleniumproject.test.StandAloneTest" name="OrderHistoryTest" time="0.0">
    <ignored/>
  </testcase> <!-- OrderHistoryTest -->
</testsuite> <!-- Stand Alone Test -->
